{'rtm_client': <slack.rtm.client.RTMClient object at 0x0000026CD425C390>, 'web_client': <slack.web.client.WebClient object at 0x0000026CD439B7F0>, 'data': {'client_msg_id': '20078129-c127-44fa-b46f-4d99f7c1c661', 'suppress_notification': False, 'text': 'Hi', 'user': 'U01CYH277PD', 'team': 'T01DN6BRPSL', 'blocks': [{'type': 'rich_text', 'block_id': 'wii', 'elements': [{'type': 'rich_text_section', 'elements': [{'type': 'text', 'text': 'Hi'}]}]}], 'source_team': 'T01DN6BRPSL', 'user_team': 'T01DN6BRPSL', 'channel': 'D01CKLR83ST', 'event_ts': '1607629440.000200', 'ts': '1607629440.000200'}}
{'rtm_client': <slack.rtm.client.RTMClient object at 0x0000026CD425C390>, 'web_client': <slack.web.client.WebClient object at 0x0000026CD439B7F0>, 'data': {'client_msg_id': '42bfa7fc-ba0f-41ee-aa8b-163c008dda24', 'suppress_notification': False, 'text': 'Hi', 'user': 'U01CYH277PD', 'team': 'T01DN6BRPSL', 'blocks': [{'type': 'rich_text', 'block_id': '+Y6=C', 'elements': [{'type': 'rich_text_section', 'elements': [{'type': 'text', 'text': 'Hi'}]}]}], 'source_team': 'T01DN6BRPSL', 'user_team': 'T01DN6BRPSL', 'channel': 'D01CKLR83ST', 'event_ts': '1607629491.000400', 'ts': '1607629491.000400'}}
botController response >>  [{'message': {'attachments': [{'atachmentSeq': None, 'attachmentDesc': None, 'attachmentId': None, 'attachmentType': None, 'options': []}], 'messageId': 'm5', 'messageText': 'Hello there', 'messageType': 'plaintext'}}]
sendMessage response >>  [{'block_id': 'm5', 'text': {'text': 'Hello there', 'type': 'mrkdwn'}, 'type': 'section'}]
{'rtm_client': <slack.rtm.client.RTMClient object at 0x0000026CD425C390>, 'web_client': <slack.web.client.WebClient object at 0x0000026CD439B7F0>, 'data': {'subtype': 'bot_message', 'text': "This content can't be displayed.", 'suppress_notification': False, 'username': 'TestBot2', 'bot_id': 'B01D0K6ESQK', 'team': 'T01DN6BRPSL', 'bot_profile': {'id': 'B01D0K6ESQK', 'deleted': False, 'name': 'TestBot2', 'updated': 1603262112, 'app_id': 'A01D0D08V26', 'icons': {'image_36': 'https://a.slack-edge.com/80588/img/plugins/app/bot_36.png', 'image_48': 'https://a.slack-edge.com/80588/img/plugins/app/bot_48.png', 'image_72': 'https://a.slack-edge.com/80588/img/plugins/app/service_72.png'}, 'team_id': 'T01DN6BRPSL'}, 'blocks': [{'type': 'section', 'block_id': 'm5', 'text': {'type': 'mrkdwn', 'text': 'Hello there', 'verbatim': False}}], 'source_team': 'T01DN6BRPSL', 'user_team': 'T01DN6BRPSL', 'channel': 'D01CKLR83ST', 'event_ts': '1607629499.000500', 'ts': '1607629499.000500'}}
{'rtm_client': <slack.rtm.client.RTMClient object at 0x0000026CD425C390>, 'web_client': <slack.web.client.WebClient object at 0x0000026CD439B7F0>, 'data': {'client_msg_id': '54e7c05a-2f2d-4da2-93dc-29ef596d0fbc', 'suppress_notification': False, 'text': 'what can you do?', 'user': 'U01CYH277PD', 'team': 'T01DN6BRPSL', 'blocks': [{'type': 'rich_text', 'block_id': 'cReH', 'elements': [{'type': 'rich_text_section', 'elements': [{'type': 'text', 'text': 'what can you do?'}]}]}], 'source_team': 'T01DN6BRPSL', 'user_team': 'T01DN6BRPSL', 'channel': 'D01CKLR83ST', 'event_ts': '1607629511.000700', 'ts': '1607629511.000700'}}
botController response >>  [{'message': {'attachments': [{'atachmentSeq': None, 'attachmentDesc': None, 'attachmentId': None, 'attachmentType': None, 'options': []}], 'messageId': 'm7', 'messageText': 'I can help you build a bot', 'messageType': 'plaintext'}}]
sendMessage response >>  [{'block_id': 'm7', 'text': {'text': 'I can help you build a bot', 'type': 'mrkdwn'}, 'type': 'section'}]
{'rtm_client': <slack.rtm.client.RTMClient object at 0x0000026CD425C390>, 'web_client': <slack.web.client.WebClient object at 0x0000026CD439B7F0>, 'data': {'subtype': 'bot_message', 'text': "This content can't be displayed.", 'suppress_notification': False, 'username': 'TestBot2', 'bot_id': 'B01D0K6ESQK', 'team': 'T01DN6BRPSL', 'bot_profile': {'id': 'B01D0K6ESQK', 'deleted': False, 'name': 'TestBot2', 'updated': 1603262112, 'app_id': 'A01D0D08V26', 'icons': {'image_36': 'https://a.slack-edge.com/80588/img/plugins/app/bot_36.png', 'image_48': 'https://a.slack-edge.com/80588/img/plugins/app/bot_48.png', 'image_72': 'https://a.slack-edge.com/80588/img/plugins/app/service_72.png'}, 'team_id': 'T01DN6BRPSL'}, 'blocks': [{'type': 'section', 'block_id': 'm7', 'text': {'type': 'mrkdwn', 'text': 'I can help you build a bot', 'verbatim': False}}], 'source_team': 'T01DN6BRPSL', 'user_team': 'T01DN6BRPSL', 'channel': 'D01CKLR83ST', 'event_ts': '1607629512.000800', 'ts': '1607629512.000800'}}
{'rtm_client': <slack.rtm.client.RTMClient object at 0x0000026CD425C390>, 'web_client': <slack.web.client.WebClient object at 0x0000026CD439B7F0>, 'data': {'client_msg_id': '5a7d39f2-ffac-4d36-b3dd-962679799dbb', 'suppress_notification': False, 'text': 'ok lets build a bot', 'user': 'U01CYH277PD', 'team': 'T01DN6BRPSL', 'blocks': [{'type': 'rich_text', 'block_id': 'K3T0', 'elements': [{'type': 'rich_text_section', 'elements': [{'type': 'text', 'text': 'ok lets build a bot'}]}]}], 'source_team': 'T01DN6BRPSL', 'user_team': 'T01DN6BRPSL', 'channel': 'D01CKLR83ST', 'event_ts': '1607629522.001000', 'ts': '1607629522.001000'}}
botController response >>  [{'message': {'attachments': [{'atachmentSeq': None, 'attachmentDesc': None, 'attachmentId': None, 'attachmentType': None, 'options': []}], 'messageId': 'm1', 'messageText': 'Please specify name of the bot. Please note bot name should be unique and should not have any spaces.', 'messageType': 'plaintext'}}]
sendMessage response >>  [{'block_id': 'm1', 'text': {'text': 'Please specify name of the bot. Please note bot name should be unique and should not have any spaces.', 'type': 'mrkdwn'}, 'type': 'section'}]
{'rtm_client': <slack.rtm.client.RTMClient object at 0x0000026CD425C390>, 'web_client': <slack.web.client.WebClient object at 0x0000026CD439B7F0>, 'data': {'subtype': 'bot_message', 'text': "This content can't be displayed.", 'suppress_notification': False, 'username': 'TestBot2', 'bot_id': 'B01D0K6ESQK', 'team': 'T01DN6BRPSL', 'bot_profile': {'id': 'B01D0K6ESQK', 'deleted': False, 'name': 'TestBot2', 'updated': 1603262112, 'app_id': 'A01D0D08V26', 'icons': {'image_36': 'https://a.slack-edge.com/80588/img/plugins/app/bot_36.png', 'image_48': 'https://a.slack-edge.com/80588/img/plugins/app/bot_48.png', 'image_72': 'https://a.slack-edge.com/80588/img/plugins/app/service_72.png'}, 'team_id': 'T01DN6BRPSL'}, 'blocks': [{'type': 'section', 'block_id': 'm1', 'text': {'type': 'mrkdwn', 'text': 'Please specify name of the bot. Please note bot name should be unique and should not have any spaces.', 'verbatim': False}}], 'source_team': 'T01DN6BRPSL', 'user_team': 'T01DN6BRPSL', 'channel': 'D01CKLR83ST', 'event_ts': '1607629523.001100', 'ts': '1607629523.001100'}}
{'rtm_client': <slack.rtm.client.RTMClient object at 0x0000026CD425C390>, 'web_client': <slack.web.client.WebClient object at 0x0000026CD439B7F0>, 'data': {'client_msg_id': '5d02aff2-1d7c-480b-827d-14384193cb0e', 'suppress_notification': False, 'text': 'HotelBooking', 'user': 'U01CYH277PD', 'team': 'T01DN6BRPSL', 'blocks': [{'type': 'rich_text', 'block_id': 'QnWf', 'elements': [{'type': 'rich_text_section', 'elements': [{'type': 'text', 'text': 'HotelBooking'}]}]}], 'source_team': 'T01DN6BRPSL', 'user_team': 'T01DN6BRPSL', 'channel': 'D01CKLR83ST', 'event_ts': '1607629534.001400', 'ts': '1607629534.001400'}}
botController response >>  [{'message': {'attachments': [{'atachmentSeq': None, 'attachmentDesc': None, 'attachmentId': None, 'attachmentType': None, 'options': []}], 'messageId': 'm2', 'messageText': 'Please specify the pupose of the bot. Please note your input text will be used to respond to clients of HotelBooking as the purpose of the bot', 'messageType': 'plaintext'}}]
sendMessage response >>  [{'block_id': 'm2', 'text': {'text': 'Please specify the pupose of the bot. Please note your input text will be used to respond to clients of HotelBooking as the purpose of the bot', 'type': 'mrkdwn'}, 'type': 'section'}]
{'rtm_client': <slack.rtm.client.RTMClient object at 0x0000026CD425C390>, 'web_client': <slack.web.client.WebClient object at 0x0000026CD439B7F0>, 'data': {'subtype': 'bot_message', 'text': "This content can't be displayed.", 'suppress_notification': False, 'username': 'TestBot2', 'bot_id': 'B01D0K6ESQK', 'team': 'T01DN6BRPSL', 'bot_profile': {'id': 'B01D0K6ESQK', 'deleted': False, 'name': 'TestBot2', 'updated': 1603262112, 'app_id': 'A01D0D08V26', 'icons': {'image_36': 'https://a.slack-edge.com/80588/img/plugins/app/bot_36.png', 'image_48': 'https://a.slack-edge.com/80588/img/plugins/app/bot_48.png', 'image_72': 'https://a.slack-edge.com/80588/img/plugins/app/service_72.png'}, 'team_id': 'T01DN6BRPSL'}, 'blocks': [{'type': 'section', 'block_id': 'm2', 'text': {'type': 'mrkdwn', 'text': 'Please specify the pupose of the bot. Please note your input text will be used to respond to clients of HotelBooking as the purpose of the bot', 'verbatim': False}}], 'source_team': 'T01DN6BRPSL', 'user_team': 'T01DN6BRPSL', 'channel': 'D01CKLR83ST', 'event_ts': '1607629534.001500', 'ts': '1607629534.001500'}}
{'rtm_client': <slack.rtm.client.RTMClient object at 0x0000026CD425C390>, 'web_client': <slack.web.client.WebClient object at 0x0000026CD439B7F0>, 'data': {'client_msg_id': '582fe91b-33b2-42ca-b219-65cd3b0c2753', 'suppress_notification': False, 'text': 'I can help you reserve a room at one of our properties', 'user': 'U01CYH277PD', 'team': 'T01DN6BRPSL', 'blocks': [{'type': 'rich_text', 'block_id': 'PZuG', 'elements': [{'type': 'rich_text_section', 'elements': [{'type': 'text', 'text': 'I can help you reserve a room at one of our properties'}]}]}], 'source_team': 'T01DN6BRPSL', 'user_team': 'T01DN6BRPSL', 'channel': 'D01CKLR83ST', 'event_ts': '1607629606.002300', 'ts': '1607629606.002300'}}
botController response >>  [{'message': {'attachments': [{'atachmentSeq': 1, 'attachmentDesc': 'Channels', 'attachmentId': 'a1', 'attachmentType': 'dropdown', 'options': [{'value': 'Slack'}, {'value': 'TKinter'}, {'value': 'Skype'}, {'value': 'Whatsapp'}, {'value': 'Custom'}]}], 'messageId': 'm3', 'messageText': 'Please select channel for your bot', 'messageType': 'plaintext'}}]
sendMessage response >>  [{'accessory': {'action_id': 'a1', 'options': [{'text': {'text': 'Slack', 'type': 'plain_text'}, 'value': 'Slack'}, {'text': {'text': 'TKinter', 'type': 'plain_text'}, 'value': 'TKinter'}, {'text': {'text': 'Skype', 'type': 'plain_text'}, 'value': 'Skype'}, {'text': {'text': 'Whatsapp', 'type': 'plain_text'}, 'value': 'Whatsapp'}, {'text': {'text': 'Custom', 'type': 'plain_text'}, 'value': 'Custom'}], 'type': 'static_select'}, 'block_id': 'm3', 'text': {'text': 'Please select channel for your bot', 'type': 'mrkdwn'}, 'type': 'section'}]
{'rtm_client': <slack.rtm.client.RTMClient object at 0x0000026CD425C390>, 'web_client': <slack.web.client.WebClient object at 0x0000026CD439B7F0>, 'data': {'subtype': 'bot_message', 'text': "This content can't be displayed.", 'suppress_notification': False, 'username': 'TestBot2', 'bot_id': 'B01D0K6ESQK', 'team': 'T01DN6BRPSL', 'bot_profile': {'id': 'B01D0K6ESQK', 'deleted': False, 'name': 'TestBot2', 'updated': 1603262112, 'app_id': 'A01D0D08V26', 'icons': {'image_36': 'https://a.slack-edge.com/80588/img/plugins/app/bot_36.png', 'image_48': 'https://a.slack-edge.com/80588/img/plugins/app/bot_48.png', 'image_72': 'https://a.slack-edge.com/80588/img/plugins/app/service_72.png'}, 'team_id': 'T01DN6BRPSL'}, 'blocks': [{'type': 'section', 'block_id': 'm3', 'text': {'type': 'mrkdwn', 'text': 'Please select channel for your bot', 'verbatim': False}, 'accessory': {'type': 'static_select', 'action_id': 'a1', 'options': [{'text': {'type': 'plain_text', 'text': 'Slack', 'emoji': True}, 'value': 'Slack'}, {'text': {'type': 'plain_text', 'text': 'TKinter', 'emoji': True}, 'value': 'TKinter'}, {'text': {'type': 'plain_text', 'text': 'Skype', 'emoji': True}, 'value': 'Skype'}, {'text': {'type': 'plain_text', 'text': 'Whatsapp', 'emoji': True}, 'value': 'Whatsapp'}, {'text': {'type': 'plain_text', 'text': 'Custom', 'emoji': True}, 'value': 'Custom'}]}}], 'source_team': 'T01DN6BRPSL', 'user_team': 'T01DN6BRPSL', 'channel': 'D01CKLR83ST', 'event_ts': '1607629607.002400', 'ts': '1607629607.002400'}}
{'rtm_client': <slack.rtm.client.RTMClient object at 0x0000026CD425C390>, 'web_client': <slack.web.client.WebClient object at 0x0000026CD439B7F0>, 'data': {'subtype': 'bot_message', 'text': "This content can't be displayed.", 'suppress_notification': False, 'username': 'TestBot2', 'bot_id': 'B01D0K6ESQK', 'team': 'T01DN6BRPSL', 'bot_profile': {'id': 'B01D0K6ESQK', 'deleted': False, 'name': 'TestBot2', 'updated': 1603262112, 'app_id': 'A01D0D08V26', 'icons': {'image_36': 'https://a.slack-edge.com/80588/img/plugins/app/bot_36.png', 'image_48': 'https://a.slack-edge.com/80588/img/plugins/app/bot_48.png', 'image_72': 'https://a.slack-edge.com/80588/img/plugins/app/service_72.png'}, 'team_id': 'T01DN6BRPSL'}, 'blocks': [{'type': 'section', 'block_id': 'm4', 'text': {'type': 'mrkdwn', 'text': 'Create a Slack app in <https://api.slack.com/apps> and confirm once done', 'verbatim': False}}, {'type': 'actions', 'block_id': 'a2', 'elements': [{'type': 'button', 'action_id': 'BdRN', 'text': {'type': 'plain_text', 'text': 'Confirm', 'emoji': True}, 'value': 'Confirm'}]}], 'source_team': 'T01DN6BRPSL', 'user_team': 'T01DN6BRPSL', 'channel': 'D01CKLR83ST', 'event_ts': '1607629616.002500', 'ts': '1607629616.002500'}}
{'rtm_client': <slack.rtm.client.RTMClient object at 0x0000026CD425C390>, 'web_client': <slack.web.client.WebClient object at 0x0000026CD439B7F0>, 'data': {'subtype': 'bot_message', 'text': "This content can't be displayed.", 'suppress_notification': False, 'username': 'TestBot2', 'bot_id': 'B01D0K6ESQK', 'team': 'T01DN6BRPSL', 'bot_profile': {'id': 'B01D0K6ESQK', 'deleted': False, 'name': 'TestBot2', 'updated': 1603262112, 'app_id': 'A01D0D08V26', 'icons': {'image_36': 'https://a.slack-edge.com/80588/img/plugins/app/bot_36.png', 'image_48': 'https://a.slack-edge.com/80588/img/plugins/app/bot_48.png', 'image_72': 'https://a.slack-edge.com/80588/img/plugins/app/service_72.png'}, 'team_id': 'T01DN6BRPSL'}, 'blocks': [{'type': 'section', 'block_id': 'm5', 'text': {'type': 'mrkdwn', 'text': 'Metadata for HotelBooking has been initialized. What do you want to do next?', 'verbatim': False}}, {'type': 'actions', 'block_id': 'a2', 'elements': [{'type': 'button', 'action_id': 'XLGe0', 'text': {'type': 'plain_text', 'text': 'Deploy and Test the bot', 'emoji': True}, 'value': 'Deploy and Test the bot'}, {'type': 'button', 'action_id': '89Vh', 'text': {'type': 'plain_text', 'text': 'Review config and add Journeys', 'emoji': True}, 'value': 'Review config and add Journeys'}]}], 'source_team': 'T01DN6BRPSL', 'user_team': 'T01DN6BRPSL', 'channel': 'D01CKLR83ST', 'event_ts': '1607629623.002600', 'ts': '1607629623.002600'}}
Traceback (most recent call last):
  File "C:\Users\SIDDHARTHABHATTACHAR\anaconda3\envs\py36\lib\urllib\request.py", line 1318, in do_open
    encode_chunked=req.has_header('Transfer-encoding'))
  File "C:\Users\SIDDHARTHABHATTACHAR\anaconda3\envs\py36\lib\http\client.py", line 1262, in request
    self._send_request(method, url, body, headers, encode_chunked)
  File "C:\Users\SIDDHARTHABHATTACHAR\anaconda3\envs\py36\lib\http\client.py", line 1308, in _send_request
    self.endheaders(body, encode_chunked=encode_chunked)
  File "C:\Users\SIDDHARTHABHATTACHAR\anaconda3\envs\py36\lib\http\client.py", line 1257, in endheaders
    self._send_output(message_body, encode_chunked=encode_chunked)
  File "C:\Users\SIDDHARTHABHATTACHAR\anaconda3\envs\py36\lib\http\client.py", line 1036, in _send_output
    self.send(msg)
  File "C:\Users\SIDDHARTHABHATTACHAR\anaconda3\envs\py36\lib\http\client.py", line 974, in send
    self.connect()
  File "C:\Users\SIDDHARTHABHATTACHAR\anaconda3\envs\py36\lib\http\client.py", line 1415, in connect
    super().connect()
  File "C:\Users\SIDDHARTHABHATTACHAR\anaconda3\envs\py36\lib\http\client.py", line 946, in connect
    (self.host,self.port), self.timeout, self.source_address)
  File "C:\Users\SIDDHARTHABHATTACHAR\anaconda3\envs\py36\lib\socket.py", line 704, in create_connection
    for res in getaddrinfo(host, port, 0, SOCK_STREAM):
  File "C:\Users\SIDDHARTHABHATTACHAR\anaconda3\envs\py36\lib\socket.py", line 745, in getaddrinfo
    for res in _socket.getaddrinfo(host, port, family, type, proto, flags):
socket.gaierror: [Errno 11001] getaddrinfo failed

During handling of the above exception, another exception occurred:

Traceback (most recent call last):
  File "channelAdapters/slack/rtmclient.py", line 54, in <module>
    rtm_client.start()
  File "C:\Users\SIDDHARTHABHATTACHAR\anaconda3\envs\py36\lib\site-packages\slack\rtm\client.py", line 206, in start
    return self._event_loop.run_until_complete(future)
  File "C:\Users\SIDDHARTHABHATTACHAR\anaconda3\envs\py36\lib\asyncio\base_events.py", line 488, in run_until_complete
    return future.result()
  File "C:\Users\SIDDHARTHABHATTACHAR\anaconda3\envs\py36\lib\site-packages\slack\rtm\client.py", line 352, in _connect_and_read
    url, data = await self._retrieve_websocket_info()
  File "C:\Users\SIDDHARTHABHATTACHAR\anaconda3\envs\py36\lib\site-packages\slack\rtm\client.py", line 551, in _retrieve_websocket_info
    resp = self._web_client.rtm_connect()
  File "C:\Users\SIDDHARTHABHATTACHAR\anaconda3\envs\py36\lib\site-packages\slack\web\client.py", line 2012, in rtm_connect
    return self.api_call("rtm.connect", http_verb="GET", params=kwargs)
  File "C:\Users\SIDDHARTHABHATTACHAR\anaconda3\envs\py36\lib\site-packages\slack\web\base_client.py", line 150, in api_call
    return self._sync_send(api_url=api_url, req_args=req_args)
  File "C:\Users\SIDDHARTHABHATTACHAR\anaconda3\envs\py36\lib\site-packages\slack\web\base_client.py", line 248, in _sync_send
    additional_headers=headers,
  File "C:\Users\SIDDHARTHABHATTACHAR\anaconda3\envs\py36\lib\site-packages\slack\web\base_client.py", line 352, in _urllib_api_call
    response = self._perform_urllib_http_request(url=url, args=request_args)
  File "C:\Users\SIDDHARTHABHATTACHAR\anaconda3\envs\py36\lib\site-packages\slack\web\base_client.py", line 495, in _perform_urllib_http_request
    raise err
  File "C:\Users\SIDDHARTHABHATTACHAR\anaconda3\envs\py36\lib\site-packages\slack\web\base_client.py", line 476, in _perform_urllib_http_request
    req, context=self.ssl, timeout=self.timeout
  File "C:\Users\SIDDHARTHABHATTACHAR\anaconda3\envs\py36\lib\urllib\request.py", line 223, in urlopen
    return opener.open(url, data, timeout)
  File "C:\Users\SIDDHARTHABHATTACHAR\anaconda3\envs\py36\lib\urllib\request.py", line 526, in open
    response = self._open(req, data)
  File "C:\Users\SIDDHARTHABHATTACHAR\anaconda3\envs\py36\lib\urllib\request.py", line 544, in _open
    '_open', req)
  File "C:\Users\SIDDHARTHABHATTACHAR\anaconda3\envs\py36\lib\urllib\request.py", line 504, in _call_chain
    result = func(*args)
  File "C:\Users\SIDDHARTHABHATTACHAR\anaconda3\envs\py36\lib\urllib\request.py", line 1361, in https_open
    context=self._context, check_hostname=self._check_hostname)
  File "C:\Users\SIDDHARTHABHATTACHAR\anaconda3\envs\py36\lib\urllib\request.py", line 1320, in do_open
    raise URLError(err)
urllib.error.URLError: <urlopen error [Errno 11001] getaddrinfo failed>
